This file contains any messages produced by compilers while
running configure, to aid debugging if configure makes a mistake.

It was created by fdk-aac configure 2.0.2, which was
generated by GNU Autoconf 2.71.  Invocation command line was

  $ ./configure --host=aarch64-linux-android --disable-shared --enable-static --prefix=/Users/mac/code/c/mxffmpeg/fdk-aac/android/arm64-v8a

## --------- ##
## Platform. ##
## --------- ##

hostname = macdeMacBook-Pro.local
uname -m = x86_64
uname -r = 21.6.0
uname -s = Darwin
uname -v = Darwin Kernel Version 21.6.0: Thu Mar  9 20:08:59 PST 2023; root:xnu-8020.240.18.700.8~1/RELEASE_X86_64

/usr/bin/uname -p = i386
/bin/uname -X     = unknown

/bin/arch              = unknown
/usr/bin/arch -k       = unknown
/usr/convex/getsysinfo = unknown
/usr/bin/hostinfo      = Mach kernel version:
	 Darwin Kernel Version 21.6.0: Thu Mar  9 20:08:59 PST 2023; root:xnu-8020.240.18.700.8~1/RELEASE_X86_64
Kernel configured for up to 4 processors.
2 processors are physically available.
4 processors are logically available.
Processor type: x86_64h (Intel x86-64h Haswell)
Processors active: 0 1 2 3
Primary memory available: 16.00 gigabytes
Default processor set: 497 tasks, 1853 threads, 4 processors
Load average: 3.54, Mach factor: 1.33
/bin/machine           = unknown
/usr/bin/oslevel       = unknown
/bin/universe          = unknown

PATH: /Users/mac/bin/
PATH: /usr/local/bin/
PATH: /usr/local/bin/
PATH: /usr/local/sbin/
PATH: /usr/local/bin/
PATH: /usr/bin/
PATH: /bin/
PATH: /usr/sbin/
PATH: /sbin/
PATH: /Applications/VMware Fusion.app/Contents/Public/
PATH: /usr/local/share/dotnet/
PATH: ~/.dotnet/tools/
PATH: /Library/Apple/usr/bin/


## ----------- ##
## Core tests. ##
## ----------- ##

configure:2715: looking for aux files: config.guess config.sub ltmain.sh compile missing install-sh
configure:2728:  trying ././
configure:2757:   ././config.guess found
configure:2757:   ././config.sub found
configure:2757:   ././ltmain.sh found
configure:2757:   ././compile found
configure:2757:   ././missing found
configure:2739:   ././install-sh found
configure:2888: checking for a BSD-compatible install
configure:2961: result: /usr/bin/install -c
configure:2972: checking whether build environment is sane
configure:3027: result: yes
configure:3083: checking for aarch64-linux-android-strip
configure:3115: result: /Users/mac/soft/ndk22b/toolchains/llvm/prebuilt/darwin-x86_64/bin/aarch64-linux-android-strip
configure:3186: checking for a race-free mkdir -p
configure:3230: result: ././install-sh -c -d
configure:3237: checking for gawk
configure:3272: result: no
configure:3237: checking for mawk
configure:3272: result: no
configure:3237: checking for nawk
configure:3272: result: no
configure:3237: checking for awk
configure:3258: found /usr/bin/awk
configure:3269: result: awk
configure:3280: checking whether make sets $(MAKE)
configure:3303: result: yes
configure:3333: checking whether make supports nested variables
configure:3351: result: yes
configure:3436: checking whether UID '501' is supported by ustar format
configure:3439: result: yes
configure:3446: checking whether GID '20' is supported by ustar format
configure:3449: result: yes
configure:3457: checking how to create a ustar tar archive
configure:3468: tar --version
bsdtar 3.5.1 - libarchive 3.5.1 zlib/1.2.11 liblzma/5.0.5 bz2lib/1.0.8 
configure:3471: $? = 0
configure:3511: tardir=conftest.dir && eval tar --format=ustar -chf - "$tardir" >conftest.tar
configure:3514: $? = 0
configure:3518: tar -xf - <conftest.tar
configure:3521: $? = 0
configure:3523: cat conftest.dir/file
GrepMe
configure:3526: $? = 0
configure:3540: result: gnutar
configure:3616: checking whether make supports nested variables
configure:3634: result: yes
configure:3681: checking for aarch64-linux-android-gcc
configure:3713: result: /Users/mac/soft/ndk22b/toolchains/llvm/prebuilt/darwin-x86_64/bin/aarch64-linux-android21-clang
configure:4111: checking for C compiler version
configure:4120: /Users/mac/soft/ndk22b/toolchains/llvm/prebuilt/darwin-x86_64/bin/aarch64-linux-android21-clang --version >&5
Android (7155654, based on r399163b1) clang version 11.0.5 (https://android.googlesource.com/toolchain/llvm-project 87f1315dfbea7c137aa2e6d362dbb457e388158d)
Target: aarch64-unknown-linux-android21
Thread model: posix
InstalledDir: /Users/mac/soft/ndk22b/toolchains/llvm/prebuilt/darwin-x86_64/bin
configure:4131: $? = 0
configure:4120: /Users/mac/soft/ndk22b/toolchains/llvm/prebuilt/darwin-x86_64/bin/aarch64-linux-android21-clang -v >&5
Android (7155654, based on r399163b1) clang version 11.0.5 (https://android.googlesource.com/toolchain/llvm-project 87f1315dfbea7c137aa2e6d362dbb457e388158d)
Target: aarch64-unknown-linux-android21
Thread model: posix
InstalledDir: /Users/mac/soft/ndk22b/toolchains/llvm/prebuilt/darwin-x86_64/bin
Found candidate GCC installation: /Users/mac/soft/ndk22b/toolchains/llvm/prebuilt/darwin-x86_64/bin/../lib/gcc/aarch64-linux-android/4.9.x
Selected GCC installation: /Users/mac/soft/ndk22b/toolchains/llvm/prebuilt/darwin-x86_64/bin/../lib/gcc/aarch64-linux-android/4.9.x
Candidate multilib: .;@m64
Selected multilib: .;@m64
configure:4131: $? = 0
configure:4120: /Users/mac/soft/ndk22b/toolchains/llvm/prebuilt/darwin-x86_64/bin/aarch64-linux-android21-clang -V >&5
clang: error: argument to '-V' is missing (expected 1 value)
clang: error: no input files
configure:4131: $? = 1
configure:4120: /Users/mac/soft/ndk22b/toolchains/llvm/prebuilt/darwin-x86_64/bin/aarch64-linux-android21-clang -qversion >&5
clang: error: unknown argument '-qversion'; did you mean '--version'?
clang: error: no input files
configure:4131: $? = 1
configure:4120: /Users/mac/soft/ndk22b/toolchains/llvm/prebuilt/darwin-x86_64/bin/aarch64-linux-android21-clang -version >&5
clang: error: unknown argument '-version'; did you mean '--version'?
clang: error: no input files
configure:4131: $? = 1
configure:4151: checking whether the C compiler works
configure:4173: /Users/mac/soft/ndk22b/toolchains/llvm/prebuilt/darwin-x86_64/bin/aarch64-linux-android21-clang -Os -fpic -march=armv8-a -Os -fpic -march=armv8-a  conftest.c  >&5
configure:4177: $? = 0
configure:4227: result: yes
configure:4230: checking for C compiler default output file name
configure:4232: result: a.out
configure:4238: checking for suffix of executables
configure:4245: /Users/mac/soft/ndk22b/toolchains/llvm/prebuilt/darwin-x86_64/bin/aarch64-linux-android21-clang -o conftest -Os -fpic -march=armv8-a -Os -fpic -march=armv8-a  conftest.c  >&5
configure:4249: $? = 0
configure:4272: result: 
configure:4294: checking whether we are cross compiling
configure:4302: /Users/mac/soft/ndk22b/toolchains/llvm/prebuilt/darwin-x86_64/bin/aarch64-linux-android21-clang -o conftest -Os -fpic -march=armv8-a -Os -fpic -march=armv8-a  conftest.c  >&5
configure:4306: $? = 0
configure:4313: ./conftest
./configure: line 4315: ./conftest: cannot execute binary file
configure:4317: $? = 126
configure:4332: result: yes
configure:4337: checking for suffix of object files
configure:4360: /Users/mac/soft/ndk22b/toolchains/llvm/prebuilt/darwin-x86_64/bin/aarch64-linux-android21-clang -c -Os -fpic -march=armv8-a -Os -fpic -march=armv8-a conftest.c >&5
configure:4364: $? = 0
configure:4386: result: o
configure:4390: checking whether the compiler supports GNU C
configure:4410: /Users/mac/soft/ndk22b/toolchains/llvm/prebuilt/darwin-x86_64/bin/aarch64-linux-android21-clang -c -Os -fpic -march=armv8-a -Os -fpic -march=armv8-a conftest.c >&5
configure:4410: $? = 0
configure:4420: result: yes
configure:4431: checking whether /Users/mac/soft/ndk22b/toolchains/llvm/prebuilt/darwin-x86_64/bin/aarch64-linux-android21-clang accepts -g
configure:4452: /Users/mac/soft/ndk22b/toolchains/llvm/prebuilt/darwin-x86_64/bin/aarch64-linux-android21-clang -c -g -Os -fpic -march=armv8-a conftest.c >&5
configure:4452: $? = 0
configure:4496: result: yes
configure:4516: checking for /Users/mac/soft/ndk22b/toolchains/llvm/prebuilt/darwin-x86_64/bin/aarch64-linux-android21-clang option to enable C11 features
configure:4531: /Users/mac/soft/ndk22b/toolchains/llvm/prebuilt/darwin-x86_64/bin/aarch64-linux-android21-clang  -c -Os -fpic -march=armv8-a -Os -fpic -march=armv8-a conftest.c >&5
configure:4531: $? = 0
configure:4549: result: none needed
configure:4665: checking whether /Users/mac/soft/ndk22b/toolchains/llvm/prebuilt/darwin-x86_64/bin/aarch64-linux-android21-clang understands -c and -o together
configure:4688: /Users/mac/soft/ndk22b/toolchains/llvm/prebuilt/darwin-x86_64/bin/aarch64-linux-android21-clang -c conftest.c -o conftest2.o
configure:4691: $? = 0
configure:4688: /Users/mac/soft/ndk22b/toolchains/llvm/prebuilt/darwin-x86_64/bin/aarch64-linux-android21-clang -c conftest.c -o conftest2.o
configure:4691: $? = 0
configure:4703: result: yes
configure:4723: checking whether make supports the include directive
configure:4738: make -f confmf.GNU && cat confinc.out
this is the am__doit target
configure:4741: $? = 0
configure:4760: result: yes (GNU style)
configure:4786: checking dependency style of /Users/mac/soft/ndk22b/toolchains/llvm/prebuilt/darwin-x86_64/bin/aarch64-linux-android21-clang
configure:4898: result: gcc3
configure:5041: checking for C++ compiler version
configure:5050: /Users/mac/soft/ndk22b/toolchains/llvm/prebuilt/darwin-x86_64/bin/aarch64-linux-android21-clang++ --version >&5
Android (7155654, based on r399163b1) clang version 11.0.5 (https://android.googlesource.com/toolchain/llvm-project 87f1315dfbea7c137aa2e6d362dbb457e388158d)
Target: aarch64-unknown-linux-android21
Thread model: posix
InstalledDir: /Users/mac/soft/ndk22b/toolchains/llvm/prebuilt/darwin-x86_64/bin
configure:5061: $? = 0
configure:5050: /Users/mac/soft/ndk22b/toolchains/llvm/prebuilt/darwin-x86_64/bin/aarch64-linux-android21-clang++ -v >&5
Android (7155654, based on r399163b1) clang version 11.0.5 (https://android.googlesource.com/toolchain/llvm-project 87f1315dfbea7c137aa2e6d362dbb457e388158d)
Target: aarch64-unknown-linux-android21
Thread model: posix
InstalledDir: /Users/mac/soft/ndk22b/toolchains/llvm/prebuilt/darwin-x86_64/bin
Found candidate GCC installation: /Users/mac/soft/ndk22b/toolchains/llvm/prebuilt/darwin-x86_64/bin/../lib/gcc/aarch64-linux-android/4.9.x
Selected GCC installation: /Users/mac/soft/ndk22b/toolchains/llvm/prebuilt/darwin-x86_64/bin/../lib/gcc/aarch64-linux-android/4.9.x
Candidate multilib: .;@m64
Selected multilib: .;@m64
configure:5061: $? = 0
configure:5050: /Users/mac/soft/ndk22b/toolchains/llvm/prebuilt/darwin-x86_64/bin/aarch64-linux-android21-clang++ -V >&5
clang++: error: argument to '-V' is missing (expected 1 value)
clang++: error: no input files
configure:5061: $? = 1
configure:5050: /Users/mac/soft/ndk22b/toolchains/llvm/prebuilt/darwin-x86_64/bin/aarch64-linux-android21-clang++ -qversion >&5
clang++: error: unknown argument '-qversion'; did you mean '--version'?
clang++: error: no input files
configure:5061: $? = 1
configure:5065: checking whether the compiler supports GNU C++
configure:5085: /Users/mac/soft/ndk22b/toolchains/llvm/prebuilt/darwin-x86_64/bin/aarch64-linux-android21-clang++ -c  -Os -fpic -march=armv8-a conftest.cpp >&5
configure:5085: $? = 0
configure:5095: result: yes
configure:5106: checking whether /Users/mac/soft/ndk22b/toolchains/llvm/prebuilt/darwin-x86_64/bin/aarch64-linux-android21-clang++ accepts -g
configure:5127: /Users/mac/soft/ndk22b/toolchains/llvm/prebuilt/darwin-x86_64/bin/aarch64-linux-android21-clang++ -c -g -Os -fpic -march=armv8-a conftest.cpp >&5
configure:5127: $? = 0
configure:5171: result: yes
configure:5191: checking for /Users/mac/soft/ndk22b/toolchains/llvm/prebuilt/darwin-x86_64/bin/aarch64-linux-android21-clang++ option to enable C++11 features
configure:5206: /Users/mac/soft/ndk22b/toolchains/llvm/prebuilt/darwin-x86_64/bin/aarch64-linux-android21-clang++  -c -g -O2 -Os -fpic -march=armv8-a conftest.cpp >&5
conftest.cpp:177:25: warning: empty parentheses interpreted as a function declaration [-Wvexing-parse]
  cxx11test::delegate d2();
                        ^~
conftest.cpp:177:25: note: remove parentheses to declare a variable
  cxx11test::delegate d2();
                        ^~
1 warning generated.
configure:5206: $? = 0
configure:5224: result: none needed
configure:5290: checking dependency style of /Users/mac/soft/ndk22b/toolchains/llvm/prebuilt/darwin-x86_64/bin/aarch64-linux-android21-clang++
configure:5402: result: gcc3
configure:5449: checking build system type
configure:5464: result: x86_64-apple-darwin21.6.0
configure:5484: checking host system type
configure:5498: result: aarch64-unknown-linux-android
configure:5539: checking how to print strings
configure:5566: result: printf
configure:5587: checking for a sed that does not truncate output
configure:5657: result: /usr/bin/sed
configure:5675: checking for grep that handles long lines and -e
configure:5739: result: /usr/bin/grep
configure:5744: checking for egrep
configure:5812: result: /usr/bin/grep -E
configure:5817: checking for fgrep
configure:5885: result: /usr/bin/grep -F
configure:5921: checking for ld used by /Users/mac/soft/ndk22b/toolchains/llvm/prebuilt/darwin-x86_64/bin/aarch64-linux-android21-clang
configure:5989: result: /Users/mac/soft/ndk22b/toolchains/llvm/prebuilt/darwin-x86_64/bin/aarch64-linux-android-ld
configure:5996: checking if the linker (/Users/mac/soft/ndk22b/toolchains/llvm/prebuilt/darwin-x86_64/bin/aarch64-linux-android-ld) is GNU ld
configure:6012: result: no
configure:6024: checking for BSD- or MS-compatible name lister (nm)
configure:6079: result: no
configure:6093: checking for aarch64-linux-android-dumpbin
configure:6128: result: no
configure:6093: checking for aarch64-linux-android-link
configure:6128: result: no
configure:6142: checking for dumpbin
configure:6177: result: no
configure:6142: checking for link
configure:6163: found /bin/link
configure:6174: result: link -dump
configure:6190: WARNING: using cross tools not prefixed with host triplet
configure:6219: checking the name lister (nm) interface
configure:6227: /Users/mac/soft/ndk22b/toolchains/llvm/prebuilt/darwin-x86_64/bin/aarch64-linux-android21-clang -c -Os -fpic -march=armv8-a -Os -fpic -march=armv8-a conftest.c >&5
configure:6230: nm "conftest.o"
configure:6233: output
0000000000000000 B some_variable
configure:6240: result: BSD nm
configure:6243: checking whether ln -s works
configure:6247: result: yes
configure:6255: checking the maximum length of command line arguments
configure:6387: result: 786432
configure:6435: checking how to convert x86_64-apple-darwin21.6.0 file names to aarch64-unknown-linux-android format
configure:6476: result: func_convert_file_noop
configure:6483: checking how to convert x86_64-apple-darwin21.6.0 file names to toolchain format
configure:6504: result: func_convert_file_noop
configure:6511: checking for /Users/mac/soft/ndk22b/toolchains/llvm/prebuilt/darwin-x86_64/bin/aarch64-linux-android-ld option to reload object files
configure:6519: result: -r
configure:6553: checking for aarch64-linux-android-file
configure:6588: result: no
configure:6598: checking for file
configure:6619: found /usr/bin/file
configure:6630: result: file
configure:6661: checking for aarch64-linux-android-objdump
configure:6696: result: no
configure:6706: checking for objdump
configure:6727: found /usr/bin/objdump
configure:6738: result: objdump
configure:6770: checking how to recognize dependent libraries
configure:6971: result: pass_all
configure:7016: checking for aarch64-linux-android-dlltool
configure:7051: result: no
configure:7061: checking for dlltool
configure:7096: result: no
configure:7126: checking how to associate runtime and link libraries
configure:7154: result: printf %s\n
configure:7171: checking for aarch64-linux-android-ar
configure:7203: result: /Users/mac/soft/ndk22b/toolchains/llvm/prebuilt/darwin-x86_64/bin/aarch64-linux-android-ar
configure:7305: checking for archiver @FILE support
configure:7323: /Users/mac/soft/ndk22b/toolchains/llvm/prebuilt/darwin-x86_64/bin/aarch64-linux-android21-clang -c -Os -fpic -march=armv8-a -Os -fpic -march=armv8-a conftest.c >&5
configure:7323: $? = 0
configure:7327: /Users/mac/soft/ndk22b/toolchains/llvm/prebuilt/darwin-x86_64/bin/aarch64-linux-android-ar cr libconftest.a @conftest.lst >&5
configure:7330: $? = 0
configure:7335: /Users/mac/soft/ndk22b/toolchains/llvm/prebuilt/darwin-x86_64/bin/aarch64-linux-android-ar cr libconftest.a @conftest.lst >&5
/Users/mac/soft/ndk22b/toolchains/llvm/prebuilt/darwin-x86_64/bin/aarch64-linux-android-ar: conftest.o: No such file or directory
configure:7338: $? = 1
configure:7350: result: @
configure:7368: checking for aarch64-linux-android-strip
configure:7400: result: /Users/mac/soft/ndk22b/toolchains/llvm/prebuilt/darwin-x86_64/bin/aarch64-linux-android-strip
configure:7477: checking for aarch64-linux-android-ranlib
configure:7509: result: /Users/mac/soft/ndk22b/toolchains/llvm/prebuilt/darwin-x86_64/bin/aarch64-linux-android-ranlib
configure:7656: checking command to parse nm output from /Users/mac/soft/ndk22b/toolchains/llvm/prebuilt/darwin-x86_64/bin/aarch64-linux-android21-clang object
configure:7810: /Users/mac/soft/ndk22b/toolchains/llvm/prebuilt/darwin-x86_64/bin/aarch64-linux-android21-clang -c -Os -fpic -march=armv8-a -Os -fpic -march=armv8-a conftest.c >&5
configure:7813: $? = 0
configure:7817: nm conftest.o \| /usr/bin/sed -n -e 's/^.*[ ]\([ABCDGIRSTW][ABCDGIRSTW]*\)[ ][ ]*\([_A-Za-z][_A-Za-z0-9]*\)$/\1 \2 \2/p' | /usr/bin/sed '/ __gnu_lto/d' \> conftest.nm
configure:7820: $? = 0
configure:7886: /Users/mac/soft/ndk22b/toolchains/llvm/prebuilt/darwin-x86_64/bin/aarch64-linux-android21-clang -o conftest -Os -fpic -march=armv8-a -Os -fpic -march=armv8-a  conftest.c conftstm.o >&5
configure:7889: $? = 0
configure:7927: result: ok
configure:7974: checking for sysroot
configure:8005: result: no
configure:8012: checking for a working dd
configure:8056: result: /bin/dd
configure:8060: checking how to truncate binary pipes
configure:8076: result: /bin/dd bs=4096 count=1
configure:8368: checking for aarch64-linux-android-mt
configure:8403: result: no
configure:8413: checking for mt
configure:8448: result: no
configure:8468: checking if : is a manifest tool
configure:8475: : '-?'
configure:8483: result: no
configure:9208: checking for stdio.h
configure:9208: /Users/mac/soft/ndk22b/toolchains/llvm/prebuilt/darwin-x86_64/bin/aarch64-linux-android21-clang -c -Os -fpic -march=armv8-a -Os -fpic -march=armv8-a conftest.c >&5
configure:9208: $? = 0
configure:9208: result: yes
configure:9208: checking for stdlib.h
configure:9208: /Users/mac/soft/ndk22b/toolchains/llvm/prebuilt/darwin-x86_64/bin/aarch64-linux-android21-clang -c -Os -fpic -march=armv8-a -Os -fpic -march=armv8-a conftest.c >&5
configure:9208: $? = 0
configure:9208: result: yes
configure:9208: checking for string.h
configure:9208: /Users/mac/soft/ndk22b/toolchains/llvm/prebuilt/darwin-x86_64/bin/aarch64-linux-android21-clang -c -Os -fpic -march=armv8-a -Os -fpic -march=armv8-a conftest.c >&5
configure:9208: $? = 0
configure:9208: result: yes
configure:9208: checking for inttypes.h
configure:9208: /Users/mac/soft/ndk22b/toolchains/llvm/prebuilt/darwin-x86_64/bin/aarch64-linux-android21-clang -c -Os -fpic -march=armv8-a -Os -fpic -march=armv8-a conftest.c >&5
configure:9208: $? = 0
configure:9208: result: yes
configure:9208: checking for stdint.h
configure:9208: /Users/mac/soft/ndk22b/toolchains/llvm/prebuilt/darwin-x86_64/bin/aarch64-linux-android21-clang -c -Os -fpic -march=armv8-a -Os -fpic -march=armv8-a conftest.c >&5
configure:9208: $? = 0
configure:9208: result: yes
configure:9208: checking for strings.h
configure:9208: /Users/mac/soft/ndk22b/toolchains/llvm/prebuilt/darwin-x86_64/bin/aarch64-linux-android21-clang -c -Os -fpic -march=armv8-a -Os -fpic -march=armv8-a conftest.c >&5
configure:9208: $? = 0
configure:9208: result: yes
configure:9208: checking for sys/stat.h
configure:9208: /Users/mac/soft/ndk22b/toolchains/llvm/prebuilt/darwin-x86_64/bin/aarch64-linux-android21-clang -c -Os -fpic -march=armv8-a -Os -fpic -march=armv8-a conftest.c >&5
configure:9208: $? = 0
configure:9208: result: yes
configure:9208: checking for sys/types.h
configure:9208: /Users/mac/soft/ndk22b/toolchains/llvm/prebuilt/darwin-x86_64/bin/aarch64-linux-android21-clang -c -Os -fpic -march=armv8-a -Os -fpic -march=armv8-a conftest.c >&5
configure:9208: $? = 0
configure:9208: result: yes
configure:9208: checking for unistd.h
configure:9208: /Users/mac/soft/ndk22b/toolchains/llvm/prebuilt/darwin-x86_64/bin/aarch64-linux-android21-clang -c -Os -fpic -march=armv8-a -Os -fpic -march=armv8-a conftest.c >&5
configure:9208: $? = 0
configure:9208: result: yes
configure:9233: checking for dlfcn.h
configure:9233: /Users/mac/soft/ndk22b/toolchains/llvm/prebuilt/darwin-x86_64/bin/aarch64-linux-android21-clang -c -Os -fpic -march=armv8-a -Os -fpic -march=armv8-a conftest.c >&5
configure:9233: $? = 0
configure:9233: result: yes
configure:9503: checking for objdir
configure:9519: result: .libs
configure:9783: checking if /Users/mac/soft/ndk22b/toolchains/llvm/prebuilt/darwin-x86_64/bin/aarch64-linux-android21-clang supports -fno-rtti -fno-exceptions
configure:9802: /Users/mac/soft/ndk22b/toolchains/llvm/prebuilt/darwin-x86_64/bin/aarch64-linux-android21-clang -c -Os -fpic -march=armv8-a -Os -fpic -march=armv8-a -fno-rtti -fno-exceptions conftest.c >&5
configure:9806: $? = 0
configure:9819: result: yes
configure:10177: checking for /Users/mac/soft/ndk22b/toolchains/llvm/prebuilt/darwin-x86_64/bin/aarch64-linux-android21-clang option to produce PIC
configure:10185: result: -fPIC -DPIC
configure:10193: checking if /Users/mac/soft/ndk22b/toolchains/llvm/prebuilt/darwin-x86_64/bin/aarch64-linux-android21-clang PIC flag -fPIC -DPIC works
configure:10212: /Users/mac/soft/ndk22b/toolchains/llvm/prebuilt/darwin-x86_64/bin/aarch64-linux-android21-clang -c -Os -fpic -march=armv8-a -Os -fpic -march=armv8-a -fPIC -DPIC -DPIC conftest.c >&5
configure:10216: $? = 0
configure:10229: result: yes
configure:10258: checking if /Users/mac/soft/ndk22b/toolchains/llvm/prebuilt/darwin-x86_64/bin/aarch64-linux-android21-clang static flag -static works
configure:10287: result: yes
configure:10302: checking if /Users/mac/soft/ndk22b/toolchains/llvm/prebuilt/darwin-x86_64/bin/aarch64-linux-android21-clang supports -c -o file.o
configure:10324: /Users/mac/soft/ndk22b/toolchains/llvm/prebuilt/darwin-x86_64/bin/aarch64-linux-android21-clang -c -Os -fpic -march=armv8-a -Os -fpic -march=armv8-a -o out/conftest2.o conftest.c >&5
configure:10328: $? = 0
configure:10350: result: yes
configure:10358: checking if /Users/mac/soft/ndk22b/toolchains/llvm/prebuilt/darwin-x86_64/bin/aarch64-linux-android21-clang supports -c -o file.o
configure:10406: result: yes
configure:10439: checking whether the /Users/mac/soft/ndk22b/toolchains/llvm/prebuilt/darwin-x86_64/bin/aarch64-linux-android21-clang linker (/Users/mac/soft/ndk22b/toolchains/llvm/prebuilt/darwin-x86_64/bin/aarch64-linux-android-ld) supports shared libraries
configure:11707: result: yes
configure:11948: checking dynamic linker characteristics
configure:12769: result: Android linker
configure:12891: checking how to hardcode library paths into programs
configure:12916: result: immediate
configure:13468: checking whether stripping libraries is possible
configure:13477: result: yes
configure:13519: checking if libtool supports shared libraries
configure:13521: result: yes
configure:13524: checking whether to build shared libraries
configure:13549: result: no
configure:13552: checking whether to build static libraries
configure:13556: result: yes
configure:13579: checking how to run the C++ preprocessor
configure:13601: /Users/mac/soft/ndk22b/toolchains/llvm/prebuilt/darwin-x86_64/bin/aarch64-linux-android21-clang++ -E -Os -fpic -march=armv8-a conftest.cpp
configure:13601: $? = 0
configure:13616: /Users/mac/soft/ndk22b/toolchains/llvm/prebuilt/darwin-x86_64/bin/aarch64-linux-android21-clang++ -E -Os -fpic -march=armv8-a conftest.cpp
conftest.cpp:23:10: fatal error: 'ac_nonexistent.h' file not found
#include <ac_nonexistent.h>
         ^~~~~~~~~~~~~~~~~~
1 error generated.
configure:13616: $? = 1
configure: failed program was:
| /* confdefs.h */
| #define PACKAGE_NAME "fdk-aac"
| #define PACKAGE_TARNAME "fdk-aac"
| #define PACKAGE_VERSION "2.0.2"
| #define PACKAGE_STRING "fdk-aac 2.0.2"
| #define PACKAGE_BUGREPORT "http://sourceforge.net/projects/opencore-amr/"
| #define PACKAGE_URL ""
| #define PACKAGE "fdk-aac"
| #define VERSION "2.0.2"
| #define HAVE_STDIO_H 1
| #define HAVE_STDLIB_H 1
| #define HAVE_STRING_H 1
| #define HAVE_INTTYPES_H 1
| #define HAVE_STDINT_H 1
| #define HAVE_STRINGS_H 1
| #define HAVE_SYS_STAT_H 1
| #define HAVE_SYS_TYPES_H 1
| #define HAVE_UNISTD_H 1
| #define STDC_HEADERS 1
| #define HAVE_DLFCN_H 1
| #define LT_OBJDIR ".libs/"
| /* end confdefs.h.  */
| #include <ac_nonexistent.h>
configure:13643: result: /Users/mac/soft/ndk22b/toolchains/llvm/prebuilt/darwin-x86_64/bin/aarch64-linux-android21-clang++ -E
configure:13657: /Users/mac/soft/ndk22b/toolchains/llvm/prebuilt/darwin-x86_64/bin/aarch64-linux-android21-clang++ -E -Os -fpic -march=armv8-a conftest.cpp
configure:13657: $? = 0
configure:13672: /Users/mac/soft/ndk22b/toolchains/llvm/prebuilt/darwin-x86_64/bin/aarch64-linux-android21-clang++ -E -Os -fpic -march=armv8-a conftest.cpp
conftest.cpp:23:10: fatal error: 'ac_nonexistent.h' file not found
#include <ac_nonexistent.h>
         ^~~~~~~~~~~~~~~~~~
1 error generated.
configure:13672: $? = 1
configure: failed program was:
| /* confdefs.h */
| #define PACKAGE_NAME "fdk-aac"
| #define PACKAGE_TARNAME "fdk-aac"
| #define PACKAGE_VERSION "2.0.2"
| #define PACKAGE_STRING "fdk-aac 2.0.2"
| #define PACKAGE_BUGREPORT "http://sourceforge.net/projects/opencore-amr/"
| #define PACKAGE_URL ""
| #define PACKAGE "fdk-aac"
| #define VERSION "2.0.2"
| #define HAVE_STDIO_H 1
| #define HAVE_STDLIB_H 1
| #define HAVE_STRING_H 1
| #define HAVE_INTTYPES_H 1
| #define HAVE_STDINT_H 1
| #define HAVE_STRINGS_H 1
| #define HAVE_SYS_STAT_H 1
| #define HAVE_SYS_TYPES_H 1
| #define HAVE_UNISTD_H 1
| #define STDC_HEADERS 1
| #define HAVE_DLFCN_H 1
| #define LT_OBJDIR ".libs/"
| /* end confdefs.h.  */
| #include <ac_nonexistent.h>
configure:13837: checking for ld used by /Users/mac/soft/ndk22b/toolchains/llvm/prebuilt/darwin-x86_64/bin/aarch64-linux-android21-clang++
configure:13905: result: /Users/mac/soft/ndk22b/toolchains/llvm/prebuilt/darwin-x86_64/bin/aarch64-linux-android-ld
configure:13912: checking if the linker (/Users/mac/soft/ndk22b/toolchains/llvm/prebuilt/darwin-x86_64/bin/aarch64-linux-android-ld) is GNU ld
configure:13928: result: no
configure:13983: checking whether the /Users/mac/soft/ndk22b/toolchains/llvm/prebuilt/darwin-x86_64/bin/aarch64-linux-android21-clang++ linker (/Users/mac/soft/ndk22b/toolchains/llvm/prebuilt/darwin-x86_64/bin/aarch64-linux-android-ld) supports shared libraries
configure:15061: result: yes
configure:15097: /Users/mac/soft/ndk22b/toolchains/llvm/prebuilt/darwin-x86_64/bin/aarch64-linux-android21-clang++ -c -g -O2 -Os -fpic -march=armv8-a conftest.cpp >&5
configure:15100: $? = 0
configure:15581: checking for /Users/mac/soft/ndk22b/toolchains/llvm/prebuilt/darwin-x86_64/bin/aarch64-linux-android21-clang++ option to produce PIC
configure:15589: result: -fPIC -DPIC
configure:15597: checking if /Users/mac/soft/ndk22b/toolchains/llvm/prebuilt/darwin-x86_64/bin/aarch64-linux-android21-clang++ PIC flag -fPIC -DPIC works
configure:15616: /Users/mac/soft/ndk22b/toolchains/llvm/prebuilt/darwin-x86_64/bin/aarch64-linux-android21-clang++ -c -g -O2 -Os -fpic -march=armv8-a -fPIC -DPIC -DPIC conftest.cpp >&5
configure:15620: $? = 0
configure:15633: result: yes
configure:15656: checking if /Users/mac/soft/ndk22b/toolchains/llvm/prebuilt/darwin-x86_64/bin/aarch64-linux-android21-clang++ static flag -static works
configure:15685: result: yes
configure:15697: checking if /Users/mac/soft/ndk22b/toolchains/llvm/prebuilt/darwin-x86_64/bin/aarch64-linux-android21-clang++ supports -c -o file.o
configure:15719: /Users/mac/soft/ndk22b/toolchains/llvm/prebuilt/darwin-x86_64/bin/aarch64-linux-android21-clang++ -c -g -O2 -Os -fpic -march=armv8-a -o out/conftest2.o conftest.cpp >&5
configure:15723: $? = 0
configure:15745: result: yes
configure:15750: checking if /Users/mac/soft/ndk22b/toolchains/llvm/prebuilt/darwin-x86_64/bin/aarch64-linux-android21-clang++ supports -c -o file.o
configure:15798: result: yes
configure:15828: checking whether the /Users/mac/soft/ndk22b/toolchains/llvm/prebuilt/darwin-x86_64/bin/aarch64-linux-android21-clang++ linker (/Users/mac/soft/ndk22b/toolchains/llvm/prebuilt/darwin-x86_64/bin/aarch64-linux-android-ld) supports shared libraries
configure:15868: result: yes
configure:16010: checking dynamic linker characteristics
configure:16758: result: Android linker
configure:16823: checking how to hardcode library paths into programs
configure:16848: result: immediate
configure:16910: checking for library containing sin
configure:16940: /Users/mac/soft/ndk22b/toolchains/llvm/prebuilt/darwin-x86_64/bin/aarch64-linux-android21-clang -o conftest -Os -fpic -march=armv8-a -Os -fpic -march=armv8-a  conftest.c  >&5
conftest.c:27:6: warning: incompatible redeclaration of library function 'sin' [-Wincompatible-library-redeclaration]
char sin ();
     ^
conftest.c:27:6: note: 'sin' is a builtin with type 'double (double)'
1 warning generated.
ld: error: undefined symbol: sin
>>> referenced by conftest.c
>>>               /var/folders/m4/rvkt5vkd0hq07d8h_x3vdp1h0000gn/T/conftest-590d3d.o:(main)
clang: error: linker command failed with exit code 1 (use -v to see invocation)
configure:16940: $? = 1
configure: failed program was:
| /* confdefs.h */
| #define PACKAGE_NAME "fdk-aac"
| #define PACKAGE_TARNAME "fdk-aac"
| #define PACKAGE_VERSION "2.0.2"
| #define PACKAGE_STRING "fdk-aac 2.0.2"
| #define PACKAGE_BUGREPORT "http://sourceforge.net/projects/opencore-amr/"
| #define PACKAGE_URL ""
| #define PACKAGE "fdk-aac"
| #define VERSION "2.0.2"
| #define HAVE_STDIO_H 1
| #define HAVE_STDLIB_H 1
| #define HAVE_STRING_H 1
| #define HAVE_INTTYPES_H 1
| #define HAVE_STDINT_H 1
| #define HAVE_STRINGS_H 1
| #define HAVE_SYS_STAT_H 1
| #define HAVE_SYS_TYPES_H 1
| #define HAVE_UNISTD_H 1
| #define STDC_HEADERS 1
| #define HAVE_DLFCN_H 1
| #define LT_OBJDIR ".libs/"
| /* end confdefs.h.  */
| 
| /* Override any GCC internal prototype to avoid an error.
|    Use char because int might match the return type of a GCC
|    builtin and then its argument prototype would still apply.  */
| char sin ();
| int
| main (void)
| {
| return sin ();
|   ;
|   return 0;
| }
configure:16940: /Users/mac/soft/ndk22b/toolchains/llvm/prebuilt/darwin-x86_64/bin/aarch64-linux-android21-clang -o conftest -Os -fpic -march=armv8-a -Os -fpic -march=armv8-a  conftest.c -lm   >&5
conftest.c:27:6: warning: incompatible redeclaration of library function 'sin' [-Wincompatible-library-redeclaration]
char sin ();
     ^
conftest.c:27:6: note: 'sin' is a builtin with type 'double (double)'
1 warning generated.
configure:16940: $? = 0
configure:16960: result: -lm
configure:17129: checking that generated files are newer than configure
configure:17135: result: done
configure:17166: creating ./config.status

## ---------------------- ##
## Running config.status. ##
## ---------------------- ##

This file was extended by fdk-aac config.status 2.0.2, which was
generated by GNU Autoconf 2.71.  Invocation command line was

  CONFIG_FILES    = 
  CONFIG_HEADERS  = 
  CONFIG_LINKS    = 
  CONFIG_COMMANDS = 
  $ ./config.status 

on macdeMacBook-Pro.local

config.status:1071: creating Makefile
config.status:1071: creating fdk-aac.pc
config.status:1243: executing depfiles commands
config.status:1320: cd .       && sed -e '/# am--include-marker/d' Makefile         | make -f - am--depfiles
make: Nothing to be done for `am--depfiles'.
config.status:1325: $? = 0
config.status:1243: executing libtool commands

## ---------------- ##
## Cache variables. ##
## ---------------- ##

ac_cv_build=x86_64-apple-darwin21.6.0
ac_cv_c_compiler_gnu=yes
ac_cv_cxx_compiler_gnu=yes
ac_cv_env_CCC_set=
ac_cv_env_CCC_value=
ac_cv_env_CC_set=set
ac_cv_env_CC_value=/Users/mac/soft/ndk22b/toolchains/llvm/prebuilt/darwin-x86_64/bin/aarch64-linux-android21-clang
ac_cv_env_CFLAGS_set=set
ac_cv_env_CFLAGS_value='-Os -fpic -march=armv8-a'
ac_cv_env_CPPFLAGS_set=set
ac_cv_env_CPPFLAGS_value='-Os -fpic -march=armv8-a'
ac_cv_env_CXXCPP_set=
ac_cv_env_CXXCPP_value=
ac_cv_env_CXXFLAGS_set=
ac_cv_env_CXXFLAGS_value=
ac_cv_env_CXX_set=set
ac_cv_env_CXX_value=/Users/mac/soft/ndk22b/toolchains/llvm/prebuilt/darwin-x86_64/bin/aarch64-linux-android21-clang++
ac_cv_env_LDFLAGS_set=
ac_cv_env_LDFLAGS_value=
ac_cv_env_LIBS_set=
ac_cv_env_LIBS_value=
ac_cv_env_LT_SYS_LIBRARY_PATH_set=
ac_cv_env_LT_SYS_LIBRARY_PATH_value=
ac_cv_env_build_alias_set=
ac_cv_env_build_alias_value=
ac_cv_env_host_alias_set=set
ac_cv_env_host_alias_value=aarch64-linux-android
ac_cv_env_target_alias_set=
ac_cv_env_target_alias_value=
ac_cv_header_dlfcn_h=yes
ac_cv_header_inttypes_h=yes
ac_cv_header_stdint_h=yes
ac_cv_header_stdio_h=yes
ac_cv_header_stdlib_h=yes
ac_cv_header_string_h=yes
ac_cv_header_strings_h=yes
ac_cv_header_sys_stat_h=yes
ac_cv_header_sys_types_h=yes
ac_cv_header_unistd_h=yes
ac_cv_host=aarch64-unknown-linux-android
ac_cv_objext=o
ac_cv_path_EGREP='/usr/bin/grep -E'
ac_cv_path_FGREP='/usr/bin/grep -F'
ac_cv_path_GREP=/usr/bin/grep
ac_cv_path_SED=/usr/bin/sed
ac_cv_path_install='/usr/bin/install -c'
ac_cv_path_lt_DD=/bin/dd
ac_cv_prog_AR=/Users/mac/soft/ndk22b/toolchains/llvm/prebuilt/darwin-x86_64/bin/aarch64-linux-android-ar
ac_cv_prog_AWK=awk
ac_cv_prog_CC=/Users/mac/soft/ndk22b/toolchains/llvm/prebuilt/darwin-x86_64/bin/aarch64-linux-android21-clang
ac_cv_prog_CXXCPP='/Users/mac/soft/ndk22b/toolchains/llvm/prebuilt/darwin-x86_64/bin/aarch64-linux-android21-clang++ -E'
ac_cv_prog_RANLIB=/Users/mac/soft/ndk22b/toolchains/llvm/prebuilt/darwin-x86_64/bin/aarch64-linux-android-ranlib
ac_cv_prog_STRIP=/Users/mac/soft/ndk22b/toolchains/llvm/prebuilt/darwin-x86_64/bin/aarch64-linux-android-strip
ac_cv_prog_ac_ct_DUMPBIN='link -dump'
ac_cv_prog_ac_ct_FILECMD=file
ac_cv_prog_ac_ct_OBJDUMP=objdump
ac_cv_prog_cc_c11=
ac_cv_prog_cc_g=yes
ac_cv_prog_cc_stdc=
ac_cv_prog_cxx_11=no
ac_cv_prog_cxx_cxx11=
ac_cv_prog_cxx_g=yes
ac_cv_prog_cxx_stdcxx=
ac_cv_prog_make_make_set=yes
ac_cv_search_sin=-lm
am_cv_CC_dependencies_compiler_type=gcc3
am_cv_CXX_dependencies_compiler_type=gcc3
am_cv_make_support_nested_variables=yes
am_cv_prog_cc_c_o=yes
am_cv_prog_tar_ustar=gnutar
lt_cv_ar_at_file=@
lt_cv_deplibs_check_method=pass_all
lt_cv_file_magic_cmd='$MAGIC_CMD'
lt_cv_file_magic_test_file=
lt_cv_ld_reload_flag=-r
lt_cv_nm_interface='BSD nm'
lt_cv_objdir=.libs
lt_cv_path_LD=/Users/mac/soft/ndk22b/toolchains/llvm/prebuilt/darwin-x86_64/bin/aarch64-linux-android-ld
lt_cv_path_LDCXX=/Users/mac/soft/ndk22b/toolchains/llvm/prebuilt/darwin-x86_64/bin/aarch64-linux-android-ld
lt_cv_path_NM=no
lt_cv_path_mainfest_tool=no
lt_cv_prog_compiler_c_o=yes
lt_cv_prog_compiler_c_o_CXX=yes
lt_cv_prog_compiler_pic='-fPIC -DPIC'
lt_cv_prog_compiler_pic_CXX='-fPIC -DPIC'
lt_cv_prog_compiler_pic_works=yes
lt_cv_prog_compiler_pic_works_CXX=yes
lt_cv_prog_compiler_rtti_exceptions=yes
lt_cv_prog_compiler_static_works=yes
lt_cv_prog_compiler_static_works_CXX=yes
lt_cv_prog_gnu_ld=no
lt_cv_prog_gnu_ldcxx=no
lt_cv_sharedlib_from_linklib_cmd='printf %s\n'
lt_cv_sys_global_symbol_pipe='/usr/bin/sed -n -e '\''s/^.*[	 ]\([ABCDGIRSTW][ABCDGIRSTW]*\)[	 ][	 ]*\([_A-Za-z][_A-Za-z0-9]*\)$/\1 \2 \2/p'\'' | /usr/bin/sed '\''/ __gnu_lto/d'\'''
lt_cv_sys_global_symbol_to_c_name_address='/usr/bin/sed -n -e '\''s/^: \(.*\) .*$/  {"\1", (void *) 0},/p'\'' -e '\''s/^[ABCDGIRSTW][ABCDGIRSTW]* .* \(.*\)$/  {"\1", (void *) \&\1},/p'\'''
lt_cv_sys_global_symbol_to_c_name_address_lib_prefix='/usr/bin/sed -n -e '\''s/^: \(.*\) .*$/  {"\1", (void *) 0},/p'\'' -e '\''s/^[ABCDGIRSTW][ABCDGIRSTW]* .* \(lib.*\)$/  {"\1", (void *) \&\1},/p'\'' -e '\''s/^[ABCDGIRSTW][ABCDGIRSTW]* .* \(.*\)$/  {"lib\1", (void *) \&\1},/p'\'''
lt_cv_sys_global_symbol_to_cdecl='/usr/bin/sed -n -e '\''s/^T .* \(.*\)$/extern int \1();/p'\'' -e '\''s/^[ABCDGIRSTW][ABCDGIRSTW]* .* \(.*\)$/extern char \1;/p'\'''
lt_cv_sys_global_symbol_to_import=
lt_cv_sys_max_cmd_len=786432
lt_cv_to_host_file_cmd=func_convert_file_noop
lt_cv_to_tool_file_cmd=func_convert_file_noop
lt_cv_truncate_bin='/bin/dd bs=4096 count=1'

## ----------------- ##
## Output variables. ##
## ----------------- ##

ACLOCAL='${SHELL} '\''/Users/mac/code/c/mxffmpeg/fdk-aac/missing'\'' aclocal-1.16'
AMDEPBACKSLASH='\'
AMDEP_FALSE='#'
AMDEP_TRUE=''
AMTAR='$${TAR-tar}'
AM_BACKSLASH='\'
AM_DEFAULT_V='$(AM_DEFAULT_VERBOSITY)'
AM_DEFAULT_VERBOSITY='0'
AM_V='$(V)'
AR='/Users/mac/soft/ndk22b/toolchains/llvm/prebuilt/darwin-x86_64/bin/aarch64-linux-android-ar'
AUTOCONF='${SHELL} '\''/Users/mac/code/c/mxffmpeg/fdk-aac/missing'\'' autoconf'
AUTOHEADER='${SHELL} '\''/Users/mac/code/c/mxffmpeg/fdk-aac/missing'\'' autoheader'
AUTOMAKE='${SHELL} '\''/Users/mac/code/c/mxffmpeg/fdk-aac/missing'\'' automake-1.16'
AWK='awk'
CC='/Users/mac/soft/ndk22b/toolchains/llvm/prebuilt/darwin-x86_64/bin/aarch64-linux-android21-clang'
CCDEPMODE='depmode=gcc3'
CFLAGS='-Os -fpic -march=armv8-a'
CPPFLAGS='-Os -fpic -march=armv8-a'
CSCOPE='cscope'
CTAGS='ctags'
CXX='/Users/mac/soft/ndk22b/toolchains/llvm/prebuilt/darwin-x86_64/bin/aarch64-linux-android21-clang++'
CXXCPP='/Users/mac/soft/ndk22b/toolchains/llvm/prebuilt/darwin-x86_64/bin/aarch64-linux-android21-clang++ -E'
CXXDEPMODE='depmode=gcc3'
CXXFLAGS='-g -O2'
CYGPATH_W='echo'
DEFS='-DPACKAGE_NAME=\"fdk-aac\" -DPACKAGE_TARNAME=\"fdk-aac\" -DPACKAGE_VERSION=\"2.0.2\" -DPACKAGE_STRING=\"fdk-aac\ 2.0.2\" -DPACKAGE_BUGREPORT=\"http://sourceforge.net/projects/opencore-amr/\" -DPACKAGE_URL=\"\" -DPACKAGE=\"fdk-aac\" -DVERSION=\"2.0.2\" -DHAVE_STDIO_H=1 -DHAVE_STDLIB_H=1 -DHAVE_STRING_H=1 -DHAVE_INTTYPES_H=1 -DHAVE_STDINT_H=1 -DHAVE_STRINGS_H=1 -DHAVE_SYS_STAT_H=1 -DHAVE_SYS_TYPES_H=1 -DHAVE_UNISTD_H=1 -DSTDC_HEADERS=1 -DHAVE_DLFCN_H=1 -DLT_OBJDIR=\".libs/\"'
DEPDIR='.deps'
DLLTOOL='false'
DSYMUTIL=''
DUMPBIN=':'
ECHO_C='\c'
ECHO_N=''
ECHO_T=''
EGREP='/usr/bin/grep -E'
ETAGS='etags'
EXAMPLE_FALSE=''
EXAMPLE_TRUE='#'
EXEEXT=''
FDK_AAC_VERSION='2:2:0'
FGREP='/usr/bin/grep -F'
FILECMD='file'
GREP='/usr/bin/grep'
INSTALL_DATA='${INSTALL} -m 644'
INSTALL_PROGRAM='${INSTALL}'
INSTALL_SCRIPT='${INSTALL}'
INSTALL_STRIP_PROGRAM='$(install_sh) -c -s'
LD='/Users/mac/soft/ndk22b/toolchains/llvm/prebuilt/darwin-x86_64/bin/aarch64-linux-android-ld'
LDFLAGS=''
LIBOBJS=''
LIBS='-lm '
LIBS_PRIVATE=''
LIBS_PUBLIC='-lm '
LIBTOOL='$(SHELL) $(top_builddir)/libtool'
LIPO=''
LN_S='ln -s'
LTLIBOBJS=''
LT_SYS_LIBRARY_PATH=''
MAKEINFO='${SHELL} '\''/Users/mac/code/c/mxffmpeg/fdk-aac/missing'\'' makeinfo'
MANIFEST_TOOL=':'
MKDIR_P='././install-sh -c -d'
NM='nm'
NMEDIT=''
OBJDUMP='objdump'
OBJEXT='o'
OTOOL64=''
OTOOL=''
PACKAGE='fdk-aac'
PACKAGE_BUGREPORT='http://sourceforge.net/projects/opencore-amr/'
PACKAGE_NAME='fdk-aac'
PACKAGE_STRING='fdk-aac 2.0.2'
PACKAGE_TARNAME='fdk-aac'
PACKAGE_URL=''
PACKAGE_VERSION='2.0.2'
PATH_SEPARATOR=':'
RANLIB='/Users/mac/soft/ndk22b/toolchains/llvm/prebuilt/darwin-x86_64/bin/aarch64-linux-android-ranlib'
SED='/usr/bin/sed'
SET_MAKE=''
SHELL='/bin/sh'
STRIP='/Users/mac/soft/ndk22b/toolchains/llvm/prebuilt/darwin-x86_64/bin/aarch64-linux-android-strip'
VERSION='2.0.2'
ac_ct_AR=''
ac_ct_CC=''
ac_ct_CXX=''
ac_ct_DUMPBIN='link -dump'
am__EXEEXT_FALSE=''
am__EXEEXT_TRUE='#'
am__fastdepCC_FALSE='#'
am__fastdepCC_TRUE=''
am__fastdepCXX_FALSE='#'
am__fastdepCXX_TRUE=''
am__include='include'
am__isrc=''
am__leading_dot='.'
am__nodep='_no'
am__quote=''
am__tar='tar --format=ustar -chf - "$$tardir"'
am__untar='tar -xf -'
bindir='${exec_prefix}/bin'
build='x86_64-apple-darwin21.6.0'
build_alias=''
build_cpu='x86_64'
build_os='darwin21.6.0'
build_vendor='apple'
datadir='${datarootdir}'
datarootdir='${prefix}/share'
docdir='${datarootdir}/doc/${PACKAGE_TARNAME}'
dvidir='${docdir}'
exec_prefix='${prefix}'
host='aarch64-unknown-linux-android'
host_alias='aarch64-linux-android'
host_cpu='aarch64'
host_os='linux-android'
host_vendor='unknown'
htmldir='${docdir}'
includedir='${prefix}/include'
infodir='${datarootdir}/info'
install_sh='${SHELL} /Users/mac/code/c/mxffmpeg/fdk-aac/install-sh'
libdir='${exec_prefix}/lib'
libexecdir='${exec_prefix}/libexec'
localedir='${datarootdir}/locale'
localstatedir='${prefix}/var'
mandir='${datarootdir}/man'
mkdir_p='$(MKDIR_P)'
oldincludedir='/usr/include'
pdfdir='${docdir}'
prefix='/Users/mac/code/c/mxffmpeg/fdk-aac/android/arm64-v8a'
program_transform_name='s,x,x,'
psdir='${docdir}'
runstatedir='${localstatedir}/run'
sbindir='${exec_prefix}/sbin'
sharedstatedir='${prefix}/com'
sysconfdir='${prefix}/etc'
target_alias=''

## ----------- ##
## confdefs.h. ##
## ----------- ##

/* confdefs.h */
#define PACKAGE_NAME "fdk-aac"
#define PACKAGE_TARNAME "fdk-aac"
#define PACKAGE_VERSION "2.0.2"
#define PACKAGE_STRING "fdk-aac 2.0.2"
#define PACKAGE_BUGREPORT "http://sourceforge.net/projects/opencore-amr/"
#define PACKAGE_URL ""
#define PACKAGE "fdk-aac"
#define VERSION "2.0.2"
#define HAVE_STDIO_H 1
#define HAVE_STDLIB_H 1
#define HAVE_STRING_H 1
#define HAVE_INTTYPES_H 1
#define HAVE_STDINT_H 1
#define HAVE_STRINGS_H 1
#define HAVE_SYS_STAT_H 1
#define HAVE_SYS_TYPES_H 1
#define HAVE_UNISTD_H 1
#define STDC_HEADERS 1
#define HAVE_DLFCN_H 1
#define LT_OBJDIR ".libs/"

configure: exit 0
